<?xml version="1.0" encoding="UTF-8"?>
<testng-results skipped="0" failed="0" ignored="0" total="1" passed="1">
  <reporter-output>
  </reporter-output>
  <suite name="suite1" duration-ms="15004" started-at="2018-01-28T09:34:53Z" finished-at="2018-01-28T09:35:08Z">
    <groups>
    </groups>
    <test name="RC 1" duration-ms="15004" started-at="2018-01-28T09:34:53Z" finished-at="2018-01-28T09:35:08Z">
      <class name="com.minnie.learning.selenium.TestNgTest">
        <test-method status="PASS" signature="setUp()[pri:0, instance:com.minnie.learning.selenium.TestNgTest@c818063]" name="setUp" is-config="true" duration-ms="8762" started-at="2018-01-28T17:34:53Z" finished-at="2018-01-28T17:35:02Z">
          <reporter-output>
          </reporter-output>
        </test-method> <!-- setUp -->
        <test-method status="PASS" signature="testCase()[pri:0, instance:com.minnie.learning.selenium.TestNgTest@c818063]" name="testCase" duration-ms="4806" started-at="2018-01-28T17:35:02Z" finished-at="2018-01-28T17:35:07Z">
          <reporter-output>
          </reporter-output>
        </test-method> <!-- testCase -->
        <test-method status="PASS" signature="tearDown()[pri:0, instance:com.minnie.learning.selenium.TestNgTest@c818063]" name="tearDown" is-config="true" duration-ms="1392" started-at="2018-01-28T17:35:07Z" finished-at="2018-01-28T17:35:08Z">
          <reporter-output>
          </reporter-output>
        </test-method> <!-- tearDown -->
      </class> <!-- com.minnie.learning.selenium.TestNgTest -->
    </test> <!-- RC 1 -->
  </suite> <!-- suite1 -->
</testng-results>
